{
  "stats": {
    "suites": 1,
    "tests": 4,
    "passes": 4,
    "pending": 0,
    "failures": 0,
    "start": "2025-06-10T01:26:51.283Z",
    "end": "2025-06-10T01:26:53.913Z",
    "duration": 2630,
    "testsRegistered": 4,
    "passPercent": 100,
    "pendingPercent": 0,
    "other": 0,
    "hasOther": false,
    "skipped": 0,
    "hasSkipped": false
  },
  "results": [
    {
      "uuid": "955b3758-7bb9-49c2-b268-1f96d1cedfd1",
      "title": "",
      "fullFile": "cypress/e2e/adopet/initial_page.cy.js",
      "file": "cypress/e2e/adopet/initial_page.cy.js",
      "beforeHooks": [],
      "afterHooks": [],
      "tests": [],
      "suites": [
        {
          "uuid": "2fa0a56d-c2cd-4f77-a606-69c0f08638cf",
          "title": "Initial page tests",
          "fullFile": "",
          "file": "",
          "beforeHooks": [],
          "afterHooks": [],
          "tests": [
            {
              "title": "Click on \"Ver pets disponíveis para adoção\" button",
              "fullTitle": "Initial page tests Click on \"Ver pets disponíveis para adoção\" button",
              "timedOut": null,
              "duration": 719,
              "state": "passed",
              "speed": "fast",
              "pass": true,
              "fail": false,
              "pending": false,
              "context": null,
              "code": "cy.get('.button').contains('Ver pets disponíveis para adoção').click();",
              "err": {},
              "uuid": "c6db2c04-0d42-43aa-8432-b715ba86803a",
              "parentUUID": "2fa0a56d-c2cd-4f77-a606-69c0f08638cf",
              "isHook": false,
              "skipped": false
            },
            {
              "title": "Click on header home button",
              "fullTitle": "Initial page tests Click on header home button",
              "timedOut": null,
              "duration": 328,
              "state": "passed",
              "speed": "fast",
              "pass": true,
              "fail": false,
              "pending": false,
              "context": null,
              "code": "cy.get('.header__home').click();",
              "err": {},
              "uuid": "30ed5d0d-7ae2-41ce-a697-f23c7b81d415",
              "parentUUID": "2fa0a56d-c2cd-4f77-a606-69c0f08638cf",
              "isHook": false,
              "skipped": false
            },
            {
              "title": "Click on header message button",
              "fullTitle": "Initial page tests Click on header message button",
              "timedOut": null,
              "duration": 217,
              "state": "passed",
              "speed": "fast",
              "pass": true,
              "fail": false,
              "pending": false,
              "context": null,
              "code": "cy.get('.header__message').click();",
              "err": {},
              "uuid": "92726865-1102-4842-a9be-8c42bef22211",
              "parentUUID": "2fa0a56d-c2cd-4f77-a606-69c0f08638cf",
              "isHook": false,
              "skipped": false
            },
            {
              "title": "Access login page",
              "fullTitle": "Initial page tests Access login page",
              "timedOut": null,
              "duration": 370,
              "state": "passed",
              "speed": "fast",
              "pass": true,
              "fail": false,
              "pending": false,
              "context": null,
              "code": "cy.get('[data-test=\"login-button\"]').click();",
              "err": {},
              "uuid": "448c6bcf-2d59-449e-bca2-59ae97773f29",
              "parentUUID": "2fa0a56d-c2cd-4f77-a606-69c0f08638cf",
              "isHook": false,
              "skipped": false
            }
          ],
          "suites": [],
          "passes": [
            "c6db2c04-0d42-43aa-8432-b715ba86803a",
            "30ed5d0d-7ae2-41ce-a697-f23c7b81d415",
            "92726865-1102-4842-a9be-8c42bef22211",
            "448c6bcf-2d59-449e-bca2-59ae97773f29"
          ],
          "failures": [],
          "pending": [],
          "skipped": [],
          "duration": 1634,
          "root": false,
          "rootEmpty": false,
          "_timeout": 2000
        }
      ],
      "passes": [],
      "failures": [],
      "pending": [],
      "skipped": [],
      "duration": 0,
      "root": true,
      "rootEmpty": true,
      "_timeout": 2000
    }
  ],
  "meta": {
    "mocha": {
      "version": "7.0.1"
    },
    "mochawesome": {
      "options": {
        "quiet": false,
        "reportFilename": "mochawesome",
        "saveHtml": true,
        "saveJson": true,
        "consoleReporter": "spec",
        "useInlineDiffs": false,
        "code": true
      },
      "version": "7.1.3"
    },
    "marge": {
      "options": {
        "reportDir": "cypress/results",
        "overwrite": true,
        "charts": true,
        "html": true,
        "json": true,
        "timestamp": "ddmmyyyy_HHMMss"
      },
      "version": "6.2.0"
    }
  }
}