{
  "stats": {
    "suites": 1,
    "tests": 1,
    "passes": 1,
    "pending": 0,
    "failures": 0,
    "start": "2025-06-10T01:22:26.819Z",
    "end": "2025-06-10T01:22:31.529Z",
    "duration": 4710,
    "testsRegistered": 1,
    "passPercent": 100,
    "pendingPercent": 0,
    "other": 0,
    "hasOther": false,
    "skipped": 0,
    "hasSkipped": false
  },
  "results": [
    {
      "uuid": "652ebfb5-b174-4867-b7a5-90e78b41eec6",
      "title": "",
      "fullFile": "cypress/e2e/adopet/home_page.cy.js",
      "file": "cypress/e2e/adopet/home_page.cy.js",
      "beforeHooks": [],
      "afterHooks": [],
      "tests": [],
      "suites": [
        {
          "uuid": "077271de-06ca-48f2-9a11-85b7ba060def",
          "title": "Home page tests",
          "fullFile": "",
          "file": "",
          "beforeHooks": [],
          "afterHooks": [],
          "tests": [
            {
              "title": "Access message page by clicking on one of \"Falar com o responsável\" buttons",
              "fullTitle": "Home page tests Access message page by clicking on one of \"Falar com o responsável\" buttons",
              "timedOut": null,
              "duration": 3755,
              "state": "passed",
              "speed": "fast",
              "pass": true,
              "fail": false,
              "pending": false,
              "context": null,
              "code": "cy.get('[data-test=\"login-button\"]').click();\ncy.logUserIn('laura.r@gmail.com', 'Adopet##12');\ncy.get('[aria-label=\"Falar com responsável\"]').eq(3).click();\ncy.get('.message').contains('Envie uma mensagem para a pessoa ou instituição que está cuidado do animal:').should('be.visible');",
              "err": {},
              "uuid": "98fdd37d-c34c-410c-b6ce-b9cb91254c20",
              "parentUUID": "077271de-06ca-48f2-9a11-85b7ba060def",
              "isHook": false,
              "skipped": false
            }
          ],
          "suites": [],
          "passes": [
            "98fdd37d-c34c-410c-b6ce-b9cb91254c20"
          ],
          "failures": [],
          "pending": [],
          "skipped": [],
          "duration": 3755,
          "root": false,
          "rootEmpty": false,
          "_timeout": 2000
        }
      ],
      "passes": [],
      "failures": [],
      "pending": [],
      "skipped": [],
      "duration": 0,
      "root": true,
      "rootEmpty": true,
      "_timeout": 2000
    }
  ],
  "meta": {
    "mocha": {
      "version": "7.0.1"
    },
    "mochawesome": {
      "options": {
        "quiet": false,
        "reportFilename": "mochawesome",
        "saveHtml": true,
        "saveJson": true,
        "consoleReporter": "spec",
        "useInlineDiffs": false,
        "code": true
      },
      "version": "7.1.3"
    },
    "marge": {
      "options": {
        "reportDir": "cypress/results",
        "overwrite": true,
        "charts": true,
        "html": true,
        "json": true,
        "timestamp": "ddmmyyyy_HHMMss"
      },
      "version": "6.2.0"
    }
  }
}