{
  "stats": {
    "suites": 1,
    "tests": 4,
    "passes": 4,
    "pending": 0,
    "failures": 0,
    "start": "2025-06-10T01:22:33.435Z",
    "end": "2025-06-10T01:22:36.405Z",
    "duration": 2970,
    "testsRegistered": 4,
    "passPercent": 100,
    "pendingPercent": 0,
    "other": 0,
    "hasOther": false,
    "skipped": 0,
    "hasSkipped": false
  },
  "results": [
    {
      "uuid": "61ebb901-2b20-4e0d-9d63-211d34195484",
      "title": "",
      "fullFile": "cypress/e2e/adopet/initial_page.cy.js",
      "file": "cypress/e2e/adopet/initial_page.cy.js",
      "beforeHooks": [],
      "afterHooks": [],
      "tests": [],
      "suites": [
        {
          "uuid": "63e62248-3bff-47b9-8a43-f3a86209d45c",
          "title": "Initial page tests",
          "fullFile": "",
          "file": "",
          "beforeHooks": [],
          "afterHooks": [],
          "tests": [
            {
              "title": "Click on \"Ver pets disponíveis para adoção\" button",
              "fullTitle": "Initial page tests Click on \"Ver pets disponíveis para adoção\" button",
              "timedOut": null,
              "duration": 804,
              "state": "passed",
              "speed": "fast",
              "pass": true,
              "fail": false,
              "pending": false,
              "context": null,
              "code": "cy.get('.button').contains('Ver pets disponíveis para adoção').click();",
              "err": {},
              "uuid": "08a2211c-4fbc-4a0c-bf9c-6273f55b65e7",
              "parentUUID": "63e62248-3bff-47b9-8a43-f3a86209d45c",
              "isHook": false,
              "skipped": false
            },
            {
              "title": "Click on header home button",
              "fullTitle": "Initial page tests Click on header home button",
              "timedOut": null,
              "duration": 382,
              "state": "passed",
              "speed": "fast",
              "pass": true,
              "fail": false,
              "pending": false,
              "context": null,
              "code": "cy.get('.header__home').click();",
              "err": {},
              "uuid": "a279f3ac-9957-40a5-a5ac-c7196a2dcdde",
              "parentUUID": "63e62248-3bff-47b9-8a43-f3a86209d45c",
              "isHook": false,
              "skipped": false
            },
            {
              "title": "Click on header message button",
              "fullTitle": "Initial page tests Click on header message button",
              "timedOut": null,
              "duration": 223,
              "state": "passed",
              "speed": "fast",
              "pass": true,
              "fail": false,
              "pending": false,
              "context": null,
              "code": "cy.get('.header__message').click();",
              "err": {},
              "uuid": "e6b71620-b808-4a18-970c-026afc870ff0",
              "parentUUID": "63e62248-3bff-47b9-8a43-f3a86209d45c",
              "isHook": false,
              "skipped": false
            },
            {
              "title": "Access login page",
              "fullTitle": "Initial page tests Access login page",
              "timedOut": null,
              "duration": 678,
              "state": "passed",
              "speed": "fast",
              "pass": true,
              "fail": false,
              "pending": false,
              "context": null,
              "code": "cy.get('[data-test=\"login-button\"]').click();",
              "err": {},
              "uuid": "3f3ba826-77a9-48ff-881a-405e72e0cd81",
              "parentUUID": "63e62248-3bff-47b9-8a43-f3a86209d45c",
              "isHook": false,
              "skipped": false
            }
          ],
          "suites": [],
          "passes": [
            "08a2211c-4fbc-4a0c-bf9c-6273f55b65e7",
            "a279f3ac-9957-40a5-a5ac-c7196a2dcdde",
            "e6b71620-b808-4a18-970c-026afc870ff0",
            "3f3ba826-77a9-48ff-881a-405e72e0cd81"
          ],
          "failures": [],
          "pending": [],
          "skipped": [],
          "duration": 2087,
          "root": false,
          "rootEmpty": false,
          "_timeout": 2000
        }
      ],
      "passes": [],
      "failures": [],
      "pending": [],
      "skipped": [],
      "duration": 0,
      "root": true,
      "rootEmpty": true,
      "_timeout": 2000
    }
  ],
  "meta": {
    "mocha": {
      "version": "7.0.1"
    },
    "mochawesome": {
      "options": {
        "quiet": false,
        "reportFilename": "mochawesome",
        "saveHtml": true,
        "saveJson": true,
        "consoleReporter": "spec",
        "useInlineDiffs": false,
        "code": true
      },
      "version": "7.1.3"
    },
    "marge": {
      "options": {
        "reportDir": "cypress/results",
        "overwrite": true,
        "charts": true,
        "html": true,
        "json": true,
        "timestamp": "ddmmyyyy_HHMMss"
      },
      "version": "6.2.0"
    }
  }
}